{
  "RSpec": {
    "coverage": {
      "/Users/aracelivaldovinos/Desktop/marios_specialty_food_products/spec/features/product_reviews_process_spec.rb": {
        "lines": [
          1,
          null,
          1,
          1,
          1,
          1,
          1,
          1,
          1,
          1,
          1,
          1,
          1,
          1,
          1,
          null,
          1,
          1,
          1,
          1,
          1,
          1,
          1,
          1,
          1,
          1,
          null,
          1,
          1,
          1,
          1,
          1,
          1,
          1,
          1,
          1,
          1,
          null,
          1,
          1,
          1,
          1,
          1,
          1,
          1,
          1,
          1,
          1,
          null,
          1,
          1,
          1,
          1,
          1,
          1,
          1,
          1,
          1,
          1,
          1,
          1,
          1,
          1,
          1,
          1,
          null,
          1,
          1,
          1,
          1,
          1,
          1,
          1,
          1,
          1,
          1,
          1,
          1,
          1,
          null,
          null,
          1,
          1,
          1,
          1,
          1,
          1,
          1,
          1,
          1,
          1,
          1,
          1,
          1,
          1,
          1,
          1,
          1,
          1,
          null,
          1,
          1,
          1,
          1,
          1,
          1,
          1,
          1,
          1,
          1,
          1,
          1,
          1,
          1,
          1,
          1,
          null,
          1,
          1,
          1,
          1,
          1,
          1,
          1,
          1,
          1,
          1,
          1,
          1,
          1,
          1,
          1,
          1,
          1,
          null,
          1,
          1,
          1,
          1,
          1,
          1,
          1,
          1,
          1,
          1,
          1,
          1,
          1,
          1,
          1,
          1,
          null,
          1,
          1,
          1,
          1,
          1,
          1,
          1,
          1,
          1,
          1,
          1,
          1,
          1,
          1,
          1,
          1,
          1,
          1,
          1,
          1,
          1,
          1,
          null,
          1,
          1,
          1,
          1,
          1,
          1,
          1,
          1,
          1,
          1,
          1,
          1,
          1,
          1,
          1,
          1,
          1,
          1,
          1,
          null,
          1,
          1,
          1,
          1,
          1,
          1,
          1,
          1,
          1,
          1,
          1,
          1,
          1,
          1,
          1,
          1,
          1,
          1,
          1,
          null,
          1,
          1,
          1,
          1,
          1,
          1,
          1,
          1,
          1,
          1,
          1,
          1,
          1,
          null,
          null,
          null
        ]
      },
      "/Users/aracelivaldovinos/Desktop/marios_specialty_food_products/spec/rails_helper.rb": {
        "lines": [
          null,
          1,
          1,
          1,
          null,
          1,
          1,
          1,
          null,
          null,
          null,
          null,
          null,
          null,
          null,
          null,
          null,
          null,
          null,
          null,
          null,
          null,
          null,
          null,
          null,
          null,
          null,
          null,
          1,
          null,
          0,
          0,
          null,
          1,
          null,
          1,
          null,
          null,
          null,
          null,
          1,
          null,
          null,
          null,
          null,
          null,
          null,
          null,
          null,
          null,
          null,
          null,
          null,
          null,
          null,
          null,
          null,
          null,
          1,
          null,
          null,
          1,
          null,
          null,
          null,
          null,
          1,
          1,
          1,
          1,
          null,
          null
        ]
      },
      "/Users/aracelivaldovinos/Desktop/marios_specialty_food_products/config/environment.rb": {
        "lines": [
          null,
          1,
          null,
          null,
          1
        ]
      },
      "/Users/aracelivaldovinos/Desktop/marios_specialty_food_products/config/application.rb": {
        "lines": [
          1,
          null,
          1,
          null,
          1,
          1,
          1,
          1,
          1,
          1,
          1,
          1,
          1,
          null,
          null,
          null,
          null,
          1,
          null,
          1,
          1,
          null,
          1,
          null,
          null,
          null,
          null,
          null,
          null,
          null,
          1,
          null,
          null
        ]
      },
      "/Users/aracelivaldovinos/Desktop/marios_specialty_food_products/config/boot.rb": {
        "lines": [
          1,
          null,
          1,
          1
        ]
      },
      "/Users/aracelivaldovinos/Desktop/marios_specialty_food_products/config/environments/test.rb": {
        "lines": [
          1,
          null,
          null,
          null,
          null,
          null,
          null,
          1,
          null,
          null,
          null,
          null,
          1,
          null,
          null,
          1,
          1,
          null,
          null,
          null,
          null,
          1,
          1,
          null,
          null,
          1,
          null,
          null,
          1,
          null,
          null,
          1,
          null,
          1,
          null,
          null,
          null,
          null,
          1,
          null,
          null,
          1,
          null,
          null,
          null,
          null
        ]
      },
      "/Users/aracelivaldovinos/Desktop/marios_specialty_food_products/config/initializers/application_controller_renderer.rb": {
        "lines": [
          null,
          null,
          null,
          null,
          null,
          null,
          null,
          null
        ]
      },
      "/Users/aracelivaldovinos/Desktop/marios_specialty_food_products/config/initializers/assets.rb": {
        "lines": [
          null,
          null,
          null,
          1,
          null,
          null,
          null,
          null,
          1,
          null,
          null,
          null,
          null,
          null
        ]
      },
      "/Users/aracelivaldovinos/Desktop/marios_specialty_food_products/config/initializers/backtrace_silencers.rb": {
        "lines": [
          null,
          null,
          null,
          null,
          null,
          null,
          null
        ]
      },
      "/Users/aracelivaldovinos/Desktop/marios_specialty_food_products/config/initializers/content_security_policy.rb": {
        "lines": [
          null,
          null,
          null,
          null,
          null,
          null,
          null,
          null,
          null,
          null,
          null,
          null,
          null,
          null,
          null,
          null,
          null,
          null,
          null,
          null,
          null,
          null,
          null,
          null,
          null
        ]
      },
      "/Users/aracelivaldovinos/Desktop/marios_specialty_food_products/config/initializers/cookies_serializer.rb": {
        "lines": [
          null,
          null,
          null,
          null,
          1
        ]
      },
      "/Users/aracelivaldovinos/Desktop/marios_specialty_food_products/config/initializers/filter_parameter_logging.rb": {
        "lines": [
          null,
          null,
          null,
          1
        ]
      },
      "/Users/aracelivaldovinos/Desktop/marios_specialty_food_products/config/initializers/inflections.rb": {
        "lines": [
          null,
          null,
          null,
          null,
          null,
          null,
          null,
          null,
          null,
          null,
          null,
          null,
          null,
          null,
          null,
          null
        ]
      },
      "/Users/aracelivaldovinos/Desktop/marios_specialty_food_products/config/initializers/mime_types.rb": {
        "lines": [
          null,
          null,
          null,
          null
        ]
      },
      "/Users/aracelivaldovinos/Desktop/marios_specialty_food_products/config/initializers/wrap_parameters.rb": {
        "lines": [
          null,
          null,
          null,
          null,
          null,
          null,
          1,
          2,
          null,
          null,
          null,
          null,
          null,
          null
        ]
      },
      "/Users/aracelivaldovinos/Desktop/marios_specialty_food_products/app/channels/application_cable/channel.rb": {
        "lines": [
          1,
          1,
          null,
          null
        ]
      },
      "/Users/aracelivaldovinos/Desktop/marios_specialty_food_products/app/channels/application_cable/connection.rb": {
        "lines": [
          1,
          1,
          null,
          null
        ]
      },
      "/Users/aracelivaldovinos/Desktop/marios_specialty_food_products/app/controllers/application_controller.rb": {
        "lines": [
          1,
          null,
          null
        ]
      },
      "/Users/aracelivaldovinos/Desktop/marios_specialty_food_products/app/helpers/application_helper.rb": {
        "lines": [
          1,
          null
        ]
      },
      "/Users/aracelivaldovinos/Desktop/marios_specialty_food_products/app/helpers/dashboard_helper.rb": {
        "lines": [
          1,
          null
        ]
      },
      "/Users/aracelivaldovinos/Desktop/marios_specialty_food_products/app/controllers/dashboard_controller.rb": {
        "lines": [
          1,
          1,
          14,
          14,
          14,
          null,
          null
        ]
      },
      "/Users/aracelivaldovinos/Desktop/marios_specialty_food_products/app/controllers/products_controller.rb": {
        "lines": [
          1,
          1,
          26,
          26,
          null,
          null,
          1,
          14,
          14,
          null,
          null,
          1,
          14,
          14,
          11,
          11,
          null,
          3,
          3,
          null,
          null,
          null,
          1,
          2,
          2,
          null,
          null,
          1,
          17,
          null,
          null,
          1,
          2,
          2,
          1,
          1,
          null,
          1,
          1,
          null,
          null,
          null,
          1,
          1,
          1,
          1,
          null,
          null,
          1,
          1,
          16,
          null,
          null
        ]
      },
      "/Users/aracelivaldovinos/Desktop/marios_specialty_food_products/app/controllers/reviews_controller.rb": {
        "lines": [
          1,
          1,
          7,
          7,
          7,
          null,
          null,
          1,
          7,
          7,
          7,
          4,
          4,
          null,
          3,
          3,
          null,
          null,
          null,
          1,
          3,
          3,
          3,
          null,
          null,
          1,
          2,
          2,
          null,
          null,
          1,
          2,
          2,
          1,
          1,
          null,
          1,
          1,
          1,
          null,
          null,
          null,
          1,
          1,
          1,
          1,
          null,
          null,
          1,
          1,
          9,
          null,
          null,
          null
        ]
      },
      "/Users/aracelivaldovinos/Desktop/marios_specialty_food_products/app/jobs/application_job.rb": {
        "lines": [
          1,
          null
        ]
      },
      "/Users/aracelivaldovinos/Desktop/marios_specialty_food_products/app/mailers/application_mailer.rb": {
        "lines": [
          1,
          1,
          1,
          null
        ]
      },
      "/Users/aracelivaldovinos/Desktop/marios_specialty_food_products/app/models/application_record.rb": {
        "lines": [
          1,
          1,
          null
        ]
      },
      "/Users/aracelivaldovinos/Desktop/marios_specialty_food_products/app/models/product.rb": {
        "lines": [
          1,
          1,
          15,
          15,
          1,
          14,
          null,
          null,
          null,
          null,
          null,
          null,
          1,
          1,
          1,
          null,
          1,
          1,
          1,
          13,
          null,
          null
        ]
      },
      "/Users/aracelivaldovinos/Desktop/marios_specialty_food_products/app/models/review.rb": {
        "lines": [
          1,
          1,
          null,
          1,
          1,
          1,
          1,
          null
        ]
      },
      "/Users/aracelivaldovinos/Desktop/marios_specialty_food_products/config/routes.rb": {
        "lines": [
          1,
          1,
          null,
          1,
          1,
          null,
          1,
          null
        ]
      },
      "/Users/aracelivaldovinos/Desktop/marios_specialty_food_products/spec/models/product_spec.rb": {
        "lines": [
          1,
          null,
          1,
          2,
          2,
          2,
          2,
          1,
          1,
          null,
          null
        ]
      },
      "/Users/aracelivaldovinos/Desktop/marios_specialty_food_products/spec/models/review_spec.rb": {
        "lines": [
          1,
          null,
          1,
          2,
          2,
          2,
          2,
          2,
          2,
          2,
          null,
          null
        ]
      }
    },
    "timestamp": 1629046588
  }
}
